{"name": "test_login_page[selenium-webdriver]", "status": "failed", "statusDetails": {"message": "AssertionError: assert 'selenium' == 'webdriver'\n  - webdriver\n  + selenium", "trace": "username = 'selenium', password = 'webdriver'\n\n    @pytest.mark.parametrize(\"username,password\",[\n        (\"selenium\",\"webdriver\"),\n        (\"rahul\",\"keshav\"),\n        (\"radha\",\"madhav\"),\n        (\"krishna\",\"balram\"),\n    ])\n    def test_login_page(username,password):\n>       assert username==password\nE       AssertionError: assert 'selenium' == 'webdriver'\nE         - webdriver\nE         + selenium\n\ntest_first.py:76: AssertionError"}, "parameters": [{"name": "username", "value": "'selenium'"}, {"name": "password", "value": "'webdriver'"}], "start": 1657209080677, "stop": 1657209080678, "uuid": "c7f3e348-8267-4505-9aa6-28ada3d6b421", "historyId": "0682deeb52e3b56612e1aa61201d7024", "testCaseId": "193cba6a56a267d389deaf4f7c78fa67", "fullName": "test_first#test_login_page", "labels": [{"name": "suite", "value": "test_first"}, {"name": "host", "value": "RAHULs-MacBook-Pro.local"}, {"name": "thread", "value": "60844-MainThread"}, {"name": "framework", "value": "pytest"}, {"name": "language", "value": "cpython3"}, {"name": "package", "value": "test_first"}]}