{"name": "test_login_page[rahul-keshav]", "status": "failed", "statusDetails": {"message": "AssertionError: assert 'rahul' == 'keshav'\n  - keshav\n  + rahul", "trace": "username = 'rahul', password = 'keshav'\n\n    @pytest.mark.parametrize(\"username,password\",[\n        (\"selenium\",\"webdriver\"),\n        (\"rahul\",\"keshav\"),\n        (\"radha\",\"madhav\"),\n        (\"krishna\",\"balram\"),\n    ])\n    def test_login_page(username,password):\n>       assert username==password\nE       AssertionError: assert 'rahul' == 'keshav'\nE         - keshav\nE         + rahul\n\ntest_first.py:76: AssertionError"}, "parameters": [{"name": "username", "value": "'rahul'"}, {"name": "password", "value": "'keshav'"}], "start": 1657209080693, "stop": 1657209080693, "uuid": "46fa3e5d-1cbb-4711-83c5-c388288715e4", "historyId": "b68d988bba33160ab1c62722669831d5", "testCaseId": "193cba6a56a267d389deaf4f7c78fa67", "fullName": "test_first#test_login_page", "labels": [{"name": "suite", "value": "test_first"}, {"name": "host", "value": "RAHULs-MacBook-Pro.local"}, {"name": "thread", "value": "60844-MainThread"}, {"name": "framework", "value": "pytest"}, {"name": "language", "value": "cpython3"}, {"name": "package", "value": "test_first"}]}