{"name": "test_login_page[selenium-webdriver]", "status": "failed", "statusDetails": {"message": "AssertionError: assert 'selenium' == 'webdriver'\n  - webdriver\n  + selenium", "trace": "username = 'selenium', password = 'webdriver'\n\n    @pytest.mark.parametrize(\"username,password\",[\n        (\"selenium\",\"webdriver\"),\n        (\"rahul\",\"keshav\"),\n        (\"radha\",\"madhav\"),\n        (\"krishna\",\"balram\"),\n    ])\n    def test_login_page(username,password):\n>       assert username==password\nE       AssertionError: assert 'selenium' == 'webdriver'\nE         - webdriver\nE         + selenium\n\ntest_first.py:77: AssertionError"}, "parameters": [{"name": "username", "value": "'selenium'"}, {"name": "password", "value": "'webdriver'"}], "start": 1663277496212, "stop": 1663277496213, "uuid": "0bc4953b-1153-4b28-87f3-c729c5d083fa", "historyId": "0682deeb52e3b56612e1aa61201d7024", "testCaseId": "193cba6a56a267d389deaf4f7c78fa67", "fullName": "test_first#test_login_page", "labels": [{"name": "suite", "value": "test_first"}, {"name": "host", "value": "fv-az82-419"}, {"name": "thread", "value": "1828-MainThread"}, {"name": "framework", "value": "pytest"}, {"name": "language", "value": "cpython3"}, {"name": "package", "value": "test_first"}]}