{"name": "test_login_page[selenium-webdriver]", "status": "failed", "statusDetails": {"message": "AssertionError: assert 'selenium' == 'webdriver'\n  - selenium\n  + webdriver", "trace": "username = 'selenium', password = 'webdriver'\n\n    @pytest.mark.parametrize(\"username,password\",[\n        (\"selenium\",\"webdriver\"),\n        (\"rahul\",\"keshav\"),\n        (\"radha\",\"madhav\"),\n        (\"krishna\",\"balram\"),\n    ])\n    def test_login_page(username,password):\n>       assert username==password\nE       AssertionError: assert 'selenium' == 'webdriver'\nE         - selenium\nE         + webdriver\n\ntest_first.py:77: AssertionError"}, "parameters": [{"name": "username", "value": "'selenium'"}, {"name": "password", "value": "'webdriver'"}], "start": 1663275936917, "stop": 1663275936918, "uuid": "3ce5866a-fa01-411f-b212-13bce973762f", "historyId": "0682deeb52e3b56612e1aa61201d7024", "testCaseId": "193cba6a56a267d389deaf4f7c78fa67", "fullName": "test_first#test_login_page", "labels": [{"name": "suite", "value": "test_first"}, {"name": "host", "value": "RAHULs-MacBook-Pro.local"}, {"name": "thread", "value": "27541-MainThread"}, {"name": "framework", "value": "pytest"}, {"name": "language", "value": "cpython3"}, {"name": "package", "value": "test_first"}]}