{"name": "test_login_page[selenium-webdriver]", "status": "failed", "statusDetails": {"message": "AssertionError: assert 'selenium' == 'webdriver'\n  - webdriver\n  + selenium", "trace": "username = 'selenium', password = 'webdriver'\n\n    @pytest.mark.parametrize(\"username,password\",[\n        (\"selenium\",\"webdriver\"),\n        (\"rahul\",\"keshav\"),\n        (\"radha\",\"madhav\"),\n        (\"krishna\",\"balram\"),\n    ])\n    def test_login_page(username,password):\n>       assert username==password\nE       AssertionError: assert 'selenium' == 'webdriver'\nE         - webdriver\nE         + selenium\n\ntest_first.py:77: AssertionError"}, "parameters": [{"name": "username", "value": "'selenium'"}, {"name": "password", "value": "'webdriver'"}], "start": 1663274107491, "stop": 1663274107493, "uuid": "1f997b61-db20-4778-a0be-95cc8cdb7e5c", "historyId": "0682deeb52e3b56612e1aa61201d7024", "testCaseId": "193cba6a56a267d389deaf4f7c78fa67", "fullName": "test_first#test_login_page", "labels": [{"name": "suite", "value": "test_first"}, {"name": "host", "value": "fv-az747-668"}, {"name": "thread", "value": "1745-MainThread"}, {"name": "framework", "value": "pytest"}, {"name": "language", "value": "cpython3"}, {"name": "package", "value": "test_first"}]}