{"name": "test_login_page[krishna-balram]", "status": "failed", "statusDetails": {"message": "AssertionError: assert 'krishna' == 'balram'\n  - krishna\n  + balram", "trace": "username = 'krishna', password = 'balram'\n\n    @pytest.mark.parametrize(\"username,password\",[\n        (\"selenium\",\"webdriver\"),\n        (\"rahul\",\"keshav\"),\n        (\"radha\",\"madhav\"),\n        (\"krishna\",\"balram\"),\n    ])\n    def test_login_page(username,password):\n>       assert username==password\nE       AssertionError: assert 'krishna' == 'balram'\nE         - krishna\nE         + balram\n\ntest_first.py:77: AssertionError"}, "parameters": [{"name": "username", "value": "'krishna'"}, {"name": "password", "value": "'balram'"}], "start": 1663275948771, "stop": 1663275948771, "uuid": "4e4227b7-bfbd-4613-89d9-34b1ecda7568", "historyId": "ffe49150da39acf95da76c3b3801f0dd", "testCaseId": "193cba6a56a267d389deaf4f7c78fa67", "fullName": "test_first#test_login_page", "labels": [{"name": "suite", "value": "test_first"}, {"name": "host", "value": "RAHULs-MacBook-Pro.local"}, {"name": "thread", "value": "27584-MainThread"}, {"name": "framework", "value": "pytest"}, {"name": "language", "value": "cpython3"}, {"name": "package", "value": "test_first"}]}